Artios Devotion/devoproject/build/app/intermediates/manifest_merge_blame_file/debug/manifest-merger-blame-debug-report.txt
1<?xml version="1.0" encoding="utf-8"?>
2<manifest xmlns:android="http://schemas.android.com/apk/res/android"
3    package="com.example.devoproject"
4    android:versionCode="1"
5    android:versionName="1.0.0" >
6
7    <uses-sdk
8        android:minSdkVersion="19"
9        android:targetSdkVersion="31" />
10    <!--
11         The INTERNET permission is required for development. Specifically,
12         the Flutter tool needs it to communicate with the running application
13         to allow setting breakpoints, to provide hot reload, etc.
14    -->
15    <uses-permission android:name="android.permission.INTERNET" />
15-->src/debug/AndroidManifest.xml:7:5-66
15-->src/debug/AndroidManifest.xml:7:22-64
16    <uses-permission android:name="android.permission.RECEIVE_BOOT_COMPLETED" />
16-->[:flutter_local_notifications] AndroidManifest.xml:9:5-81
16-->[:flutter_local_notifications] AndroidManifest.xml:9:22-78
17    <uses-permission android:name="android.permission.VIBRATE" />
17-->[:flutter_local_notifications] AndroidManifest.xml:10:5-66
17-->[:flutter_local_notifications] AndroidManifest.xml:10:22-63
18    <uses-permission android:name="android.permission.USE_FULL_SCREEN_INTENT" />
18-->[:flutter_local_notifications] AndroidManifest.xml:11:5-81
18-->[:flutter_local_notifications] AndroidManifest.xml:11:22-78
19    <uses-permission android:name="android.permission.SCHEDULE_EXACT_ALARM" />
19-->[:flutter_local_notifications] AndroidManifest.xml:12:5-79
19-->[:flutter_local_notifications] AndroidManifest.xml:12:22-76
20    <uses-permission android:name="android.permission.POST_NOTIFICATIONS" /> <!-- Although the *SdkVersion is captured in gradle build files, this is required for non gradle builds -->
20-->[:flutter_local_notifications] AndroidManifest.xml:13:5-77
20-->[:flutter_local_notifications] AndroidManifest.xml:13:22-74
21    <!-- <uses-sdk android:minSdkVersion="14" /> -->
22    <uses-permission android:name="android.permission.ACCESS_NETWORK_STATE" />
22-->[com.google.firebase:firebase-firestore:24.2.2] AndroidManifest.xml:13:5-79
22-->[com.google.firebase:firebase-firestore:24.2.2] AndroidManifest.xml:13:22-76
23
24    <application
25        android:name="android.app.Application"
26        android:appComponentFactory="androidx.core.app.CoreComponentFactory"
26-->[androidx.core:core:1.6.0] AndroidManifest.xml:24:18-86
27        android:debuggable="true"
28        android:icon="@mipmap/ic_launcher"
29        android:label="devoproject" >
30        <activity
31            android:name="com.example.devoproject.MainActivity"
32            android:configChanges="orientation|keyboardHidden|keyboard|screenSize|smallestScreenSize|locale|layoutDirection|fontScale|screenLayout|density|uiMode"
33            android:exported="true"
34            android:hardwareAccelerated="true"
35            android:launchMode="singleTop"
36            android:theme="@style/LaunchTheme"
37            android:windowSoftInputMode="adjustResize" >
38
39            <!--
40                 Specifies an Android theme to apply to this Activity as soon as
41                 the Android process has started. This theme is visible to the user
42                 while the Flutter UI initializes. After that, this theme continues
43                 to determine the Window background behind the Flutter UI.
44            -->
45            <meta-data
46                android:name="io.flutter.embedding.android.NormalTheme"
47                android:resource="@style/NormalTheme" />
48
49            <intent-filter>
50                <action android:name="android.intent.action.MAIN" />
51
52                <category android:name="android.intent.category.LAUNCHER" />
53            </intent-filter>
54        </activity>
55        <!--
56             Don't delete the meta-data below.
57             This is used by the Flutter tool to generate GeneratedPluginRegistrant.java
58        -->
59        <meta-data
60            android:name="flutterEmbedding"
61            android:value="2" />
62
63        <service
63-->[:cloud_firestore] AndroidManifest.xml:10:9-14:19
64            android:name="com.google.firebase.components.ComponentDiscoveryService"
64-->[:cloud_firestore] AndroidManifest.xml:10:18-89
65            android:directBootAware="true"
65-->[com.google.firebase:firebase-common:20.1.1] AndroidManifest.xml:35:13-43
66            android:exported="false" >
66-->[com.google.firebase:firebase-firestore:24.2.2] AndroidManifest.xml:19:13-37
67            <meta-data
67-->[:cloud_firestore] AndroidManifest.xml:11:13-13:85
68                android:name="com.google.firebase.components:io.flutter.plugins.firebase.firestore.FlutterFirebaseFirestoreRegistrar"
68-->[:cloud_firestore] AndroidManifest.xml:12:17-134
69                android:value="com.google.firebase.components.ComponentRegistrar" />
69-->[:cloud_firestore] AndroidManifest.xml:13:17-82
70            <meta-data
70-->[:firebase_core] AndroidManifest.xml:11:13-13:85
71                android:name="com.google.firebase.components:io.flutter.plugins.firebase.core.FlutterFirebaseCoreRegistrar"
71-->[:firebase_core] AndroidManifest.xml:12:17-124
72                android:value="com.google.firebase.components.ComponentRegistrar" />
72-->[:firebase_core] AndroidManifest.xml:13:17-82
73            <meta-data
73-->[com.google.firebase:firebase-firestore:24.2.2] AndroidManifest.xml:20:13-22:85
74                android:name="com.google.firebase.components:com.google.firebase.firestore.FirestoreRegistrar"
74-->[com.google.firebase:firebase-firestore:24.2.2] AndroidManifest.xml:21:17-111
75                android:value="com.google.firebase.components.ComponentRegistrar" />
75-->[com.google.firebase:firebase-firestore:24.2.2] AndroidManifest.xml:22:17-82
76        </service>
77
78        <receiver
78-->[:flutter_local_notifications] AndroidManifest.xml:16:9-18:40
79            android:name="com.dexterous.flutterlocalnotifications.ScheduledNotificationReceiver"
79-->[:flutter_local_notifications] AndroidManifest.xml:17:13-97
80            android:exported="false" />
80-->[:flutter_local_notifications] AndroidManifest.xml:18:13-37
81        <receiver
81-->[:flutter_local_notifications] AndroidManifest.xml:19:9-28:20
82            android:name="com.dexterous.flutterlocalnotifications.ScheduledNotificationBootReceiver"
82-->[:flutter_local_notifications] AndroidManifest.xml:20:13-101
83            android:exported="false" >
83-->[:flutter_local_notifications] AndroidManifest.xml:21:13-37
84            <intent-filter>
84-->[:flutter_local_notifications] AndroidManifest.xml:22:13-27:29
85                <action android:name="android.intent.action.BOOT_COMPLETED" />
85-->[:flutter_local_notifications] AndroidManifest.xml:23:17-79
85-->[:flutter_local_notifications] AndroidManifest.xml:23:25-76
86                <action android:name="android.intent.action.MY_PACKAGE_REPLACED" />
86-->[:flutter_local_notifications] AndroidManifest.xml:24:17-84
86-->[:flutter_local_notifications] AndroidManifest.xml:24:25-81
87                <action android:name="android.intent.action.QUICKBOOT_POWERON" />
87-->[:flutter_local_notifications] AndroidManifest.xml:25:17-82
87-->[:flutter_local_notifications] AndroidManifest.xml:25:25-79
88                <action android:name="com.htc.intent.action.QUICKBOOT_POWERON" />
88-->[:flutter_local_notifications] AndroidManifest.xml:26:17-82
88-->[:flutter_local_notifications] AndroidManifest.xml:26:25-79
89            </intent-filter>
90        </receiver>
91
92        <uses-library
92-->[androidx.window:window:1.0.0-beta04] AndroidManifest.xml:25:9-27:40
93            android:name="androidx.window.extensions"
93-->[androidx.window:window:1.0.0-beta04] AndroidManifest.xml:26:13-54
94            android:required="false" />
94-->[androidx.window:window:1.0.0-beta04] AndroidManifest.xml:27:13-37
95        <uses-library
95-->[androidx.window:window:1.0.0-beta04] AndroidManifest.xml:28:9-30:40
96            android:name="androidx.window.sidecar"
96-->[androidx.window:window:1.0.0-beta04] AndroidManifest.xml:29:13-51
97            android:required="false" />
97-->[androidx.window:window:1.0.0-beta04] AndroidManifest.xml:30:13-37
98
99        <provider
99-->[com.google.firebase:firebase-common:20.1.1] AndroidManifest.xml:26:9-31:39
100            android:name="com.google.firebase.provider.FirebaseInitProvider"
100-->[com.google.firebase:firebase-common:20.1.1] AndroidManifest.xml:27:13-77
101            android:authorities="com.example.devoproject.firebaseinitprovider"
101-->[com.google.firebase:firebase-common:20.1.1] AndroidManifest.xml:28:13-72
102            android:directBootAware="true"
102-->[com.google.firebase:firebase-common:20.1.1] AndroidManifest.xml:29:13-43
103            android:exported="false"
103-->[com.google.firebase:firebase-common:20.1.1] AndroidManifest.xml:30:13-37
104            android:initOrder="100" />
104-->[com.google.firebase:firebase-common:20.1.1] AndroidManifest.xml:31:13-36
105
106        <activity
106-->[com.google.android.gms:play-services-base:18.0.1] AndroidManifest.xml:20:9-22:45
107            android:name="com.google.android.gms.common.api.GoogleApiActivity"
107-->[com.google.android.gms:play-services-base:18.0.1] AndroidManifest.xml:20:19-85
108            android:exported="false"
108-->[com.google.android.gms:play-services-base:18.0.1] AndroidManifest.xml:22:19-43
109            android:theme="@android:style/Theme.Translucent.NoTitleBar" />
109-->[com.google.android.gms:play-services-base:18.0.1] AndroidManifest.xml:21:19-78
110
111        <meta-data
111-->[com.google.android.gms:play-services-basement:18.0.0] AndroidManifest.xml:21:9-23:69
112            android:name="com.google.android.gms.version"
112-->[com.google.android.gms:play-services-basement:18.0.0] AndroidManifest.xml:22:13-58
113            android:value="@integer/google_play_services_version" />
113-->[com.google.android.gms:play-services-basement:18.0.0] AndroidManifest.xml:23:13-66
114    </application>
115
116</manifest>